[ pid=15063 thr=70319914310360 file=utils.rb:176 time=2012-08-08 13:26:55.187 ]: *** Exception PhusionPassenger::UnknownError in PhusionPassenger::Rack::ApplicationSpawner (Can't find file: './hcdb/people.frm' (errno: 13) (DataObjects::SQLError)) (process 15063, thread #<Thread:0x007fe94306b5b0>):
	from /Users/almerboy/.rvm/gems/ruby-1.9.3-p194/gems/dm-do-adapter-1.2.0/lib/dm-do-adapter/adapter.rb:34:in `execute_reader'
	from /Users/almerboy/.rvm/gems/ruby-1.9.3-p194/gems/dm-do-adapter-1.2.0/lib/dm-do-adapter/adapter.rb:34:in `block in select'
	from /Users/almerboy/.rvm/gems/ruby-1.9.3-p194/gems/dm-do-adapter-1.2.0/lib/dm-do-adapter/adapter.rb:276:in `with_connection'
	from /Users/almerboy/.rvm/gems/ruby-1.9.3-p194/gems/dm-do-adapter-1.2.0/lib/dm-do-adapter/adapter.rb:33:in `select'
	from /Users/almerboy/.rvm/gems/ruby-1.9.3-p194/gems/dm-migrations-1.2.0/lib/dm-migrations/adapters/dm-mysql-adapter.rb:27:in `field_exists?'
	from /Users/almerboy/.rvm/gems/ruby-1.9.3-p194/gems/dm-migrations-1.2.0/lib/dm-migrations/adapters/dm-do-adapter.rb:66:in `block (2 levels) in upgrade_model_storage'
	from /Users/almerboy/.rvm/gems/ruby-1.9.3-p194/gems/dm-core-1.2.0/lib/dm-core/support/subject_set.rb:210:in `block in each'
	from /Users/almerboy/.rvm/gems/ruby-1.9.3-p194/gems/dm-core-1.2.0/lib/dm-core/support/ordered_set.rb:319:in `block in each'
	from /Users/almerboy/.rvm/gems/ruby-1.9.3-p194/gems/dm-core-1.2.0/lib/dm-core/support/ordered_set.rb:319:in `each'
	from /Users/almerboy/.rvm/gems/ruby-1.9.3-p194/gems/dm-core-1.2.0/lib/dm-core/support/ordered_set.rb:319:in `each'
	from /Users/almerboy/.rvm/gems/ruby-1.9.3-p194/gems/dm-core-1.2.0/lib/dm-core/support/subject_set.rb:210:in `each'
	from /Users/almerboy/.rvm/gems/ruby-1.9.3-p194/gems/dm-migrations-1.2.0/lib/dm-migrations/adapters/dm-do-adapter.rb:64:in `map'
	from /Users/almerboy/.rvm/gems/ruby-1.9.3-p194/gems/dm-migrations-1.2.0/lib/dm-migrations/adapters/dm-do-adapter.rb:64:in `block in upgrade_model_storage'
	from /Users/almerboy/.rvm/gems/ruby-1.9.3-p194/gems/dm-do-adapter-1.2.0/lib/dm-do-adapter/adapter.rb:276:in `with_connection'
	from /Users/almerboy/.rvm/gems/ruby-1.9.3-p194/gems/dm-migrations-1.2.0/lib/dm-migrations/adapters/dm-do-adapter.rb:63:in `upgrade_model_storage'
	from /Users/almerboy/.rvm/gems/ruby-1.9.3-p194/gems/dm-migrations-1.2.0/lib/dm-migrations/auto_migration.rb:73:in `upgrade_model_storage'
	from /Users/almerboy/.rvm/gems/ruby-1.9.3-p194/gems/dm-migrations-1.2.0/lib/dm-migrations/auto_migration.rb:145:in `auto_upgrade!'
	from /Users/almerboy/.rvm/gems/ruby-1.9.3-p194/gems/dm-migrations-1.2.0/lib/dm-migrations/auto_migration.rb:47:in `block in repository_execute'
	from /Users/almerboy/.rvm/gems/ruby-1.9.3-p194/gems/dm-core-1.2.0/lib/dm-core/support/descendant_set.rb:64:in `block in each'
	from /Users/almerboy/.rvm/gems/ruby-1.9.3-p194/gems/dm-core-1.2.0/lib/dm-core/support/subject_set.rb:210:in `block in each'
	from /Users/almerboy/.rvm/gems/ruby-1.9.3-p194/gems/dm-core-1.2.0/lib/dm-core/support/ordered_set.rb:319:in `block in each'
	from /Users/almerboy/.rvm/gems/ruby-1.9.3-p194/gems/dm-core-1.2.0/lib/dm-core/support/ordered_set.rb:319:in `each'
	from /Users/almerboy/.rvm/gems/ruby-1.9.3-p194/gems/dm-core-1.2.0/lib/dm-core/support/ordered_set.rb:319:in `each'
	from /Users/almerboy/.rvm/gems/ruby-1.9.3-p194/gems/dm-core-1.2.0/lib/dm-core/support/subject_set.rb:210:in `each'
	from /Users/almerboy/.rvm/gems/ruby-1.9.3-p194/gems/dm-core-1.2.0/lib/dm-core/support/descendant_set.rb:63:in `each'
	from /Users/almerboy/.rvm/gems/ruby-1.9.3-p194/gems/dm-migrations-1.2.0/lib/dm-migrations/auto_migration.rb:46:in `repository_execute'
	from /Users/almerboy/.rvm/gems/ruby-1.9.3-p194/gems/dm-migrations-1.2.0/lib/dm-migrations/auto_migration.rb:27:in `auto_upgrade!'
	from /Users/almerboy/PIA_Projects/survey-health-card/model.rb:41:in `<top (required)>'
	from /Users/almerboy/PIA_Projects/survey-health-card/app.rb:3:in `require'
	from /Users/almerboy/PIA_Projects/survey-health-card/app.rb:3:in `<top (required)>'
	from config.ru:1:in `require'
	from config.ru:1:in `block in <main>'
	from /Users/almerboy/.rvm/gems/ruby-1.9.3-p194/gems/rack-1.4.1/lib/rack/builder.rb:51:in `instance_eval'
	from /Users/almerboy/.rvm/gems/ruby-1.9.3-p194/gems/rack-1.4.1/lib/rack/builder.rb:51:in `initialize'
	from config.ru:1:in `new'
	from config.ru:1:in `<main>'
	from /Users/almerboy/.passenger/standalone/3.0.15-x86_64-ruby1.9.3-macosx-10.8/support/lib/phusion_passenger/rack/application_spawner.rb:225:in `eval'
	from /Users/almerboy/.passenger/standalone/3.0.15-x86_64-ruby1.9.3-macosx-10.8/support/lib/phusion_passenger/rack/application_spawner.rb:225:in `load_rack_app'
	from /Users/almerboy/.passenger/standalone/3.0.15-x86_64-ruby1.9.3-macosx-10.8/support/lib/phusion_passenger/rack/application_spawner.rb:157:in `block in initialize_server'
	from /Users/almerboy/.passenger/standalone/3.0.15-x86_64-ruby1.9.3-macosx-10.8/support/lib/phusion_passenger/utils.rb:563:in `report_app_init_status'
	from /Users/almerboy/.passenger/standalone/3.0.15-x86_64-ruby1.9.3-macosx-10.8/support/lib/phusion_passenger/rack/application_spawner.rb:154:in `initialize_server'
	from /Users/almerboy/.passenger/standalone/3.0.15-x86_64-ruby1.9.3-macosx-10.8/support/lib/phusion_passenger/abstract_server.rb:204:in `start_synchronously'
	from /Users/almerboy/.passenger/standalone/3.0.15-x86_64-ruby1.9.3-macosx-10.8/support/lib/phusion_passenger/abstract_server.rb:180:in `start'
	from /Users/almerboy/.passenger/standalone/3.0.15-x86_64-ruby1.9.3-macosx-10.8/support/lib/phusion_passenger/rack/application_spawner.rb:129:in `start'
	from /Users/almerboy/.passenger/standalone/3.0.15-x86_64-ruby1.9.3-macosx-10.8/support/lib/phusion_passenger/spawn_manager.rb:253:in `block (2 levels) in spawn_rack_application'
	from /Users/almerboy/.passenger/standalone/3.0.15-x86_64-ruby1.9.3-macosx-10.8/support/lib/phusion_passenger/abstract_server_collection.rb:132:in `lookup_or_add'
	from /Users/almerboy/.passenger/standalone/3.0.15-x86_64-ruby1.9.3-macosx-10.8/support/lib/phusion_passenger/spawn_manager.rb:246:in `block in spawn_rack_application'
	from /Users/almerboy/.passenger/standalone/3.0.15-x86_64-ruby1.9.3-macosx-10.8/support/lib/phusion_passenger/abstract_server_collection.rb:82:in `block in synchronize'
	from <internal:prelude>:10:in `synchronize'
	from /Users/almerboy/.passenger/standalone/3.0.15-x86_64-ruby1.9.3-macosx-10.8/support/lib/phusion_passenger/abstract_server_collection.rb:79:in `synchronize'
	from /Users/almerboy/.passenger/standalone/3.0.15-x86_64-ruby1.9.3-macosx-10.8/support/lib/phusion_passenger/spawn_manager.rb:244:in `spawn_rack_application'
	from /Users/almerboy/.passenger/standalone/3.0.15-x86_64-ruby1.9.3-macosx-10.8/support/lib/phusion_passenger/spawn_manager.rb:137:in `spawn_application'
	from /Users/almerboy/.passenger/standalone/3.0.15-x86_64-ruby1.9.3-macosx-10.8/support/lib/phusion_passenger/spawn_manager.rb:275:in `handle_spawn_application'
	from /Users/almerboy/.passenger/standalone/3.0.15-x86_64-ruby1.9.3-macosx-10.8/support/lib/phusion_passenger/abstract_server.rb:357:in `server_main_loop'
	from /Users/almerboy/.passenger/standalone/3.0.15-x86_64-ruby1.9.3-macosx-10.8/support/lib/phusion_passenger/abstract_server.rb:206:in `start_synchronously'
	from /Users/almerboy/.passenger/standalone/3.0.15-x86_64-ruby1.9.3-macosx-10.8/support/helper-scripts/passenger-spawn-server:99:in `<main>'
[ pid=15061 thr=0x10f1bb000 file=ext/nginx/HelperAgent.cpp:933 time=2012-08-08 13:26:55.300 ]: Uncaught exception in PassengerServer client thread:
   exception: write() failed: Broken pipe (32)
   backtrace:
     in 'void Client::handleRequest(Passenger::FileDescriptor&)' (HelperAgent.cpp:828)
     in 'void Client::threadMain()' (HelperAgent.cpp:952)

[ pid=15063 thr=70319914310360 file=utils.rb:176 time=2012-08-08 13:27:25.959 ]: *** Exception PhusionPassenger::UnknownError in PhusionPassenger::Rack::ApplicationSpawner (Can't find file: './hcdb/people.frm' (errno: 13) (DataObjects::SQLError)) (process 15063, thread #<Thread:0x007fe94306b5b0>):
	from /Users/almerboy/.rvm/gems/ruby-1.9.3-p194/gems/dm-do-adapter-1.2.0/lib/dm-do-adapter/adapter.rb:34:in `execute_reader'
	from /Users/almerboy/.rvm/gems/ruby-1.9.3-p194/gems/dm-do-adapter-1.2.0/lib/dm-do-adapter/adapter.rb:34:in `block in select'
	from /Users/almerboy/.rvm/gems/ruby-1.9.3-p194/gems/dm-do-adapter-1.2.0/lib/dm-do-adapter/adapter.rb:276:in `with_connection'
	from /Users/almerboy/.rvm/gems/ruby-1.9.3-p194/gems/dm-do-adapter-1.2.0/lib/dm-do-adapter/adapter.rb:33:in `select'
	from /Users/almerboy/.rvm/gems/ruby-1.9.3-p194/gems/dm-migrations-1.2.0/lib/dm-migrations/adapters/dm-mysql-adapter.rb:27:in `field_exists?'
	from /Users/almerboy/.rvm/gems/ruby-1.9.3-p194/gems/dm-migrations-1.2.0/lib/dm-migrations/adapters/dm-do-adapter.rb:66:in `block (2 levels) in upgrade_model_storage'
	from /Users/almerboy/.rvm/gems/ruby-1.9.3-p194/gems/dm-core-1.2.0/lib/dm-core/support/subject_set.rb:210:in `block in each'
	from /Users/almerboy/.rvm/gems/ruby-1.9.3-p194/gems/dm-core-1.2.0/lib/dm-core/support/ordered_set.rb:319:in `block in each'
	from /Users/almerboy/.rvm/gems/ruby-1.9.3-p194/gems/dm-core-1.2.0/lib/dm-core/support/ordered_set.rb:319:in `each'
	from /Users/almerboy/.rvm/gems/ruby-1.9.3-p194/gems/dm-core-1.2.0/lib/dm-core/support/ordered_set.rb:319:in `each'
	from /Users/almerboy/.rvm/gems/ruby-1.9.3-p194/gems/dm-core-1.2.0/lib/dm-core/support/subject_set.rb:210:in `each'
	from /Users/almerboy/.rvm/gems/ruby-1.9.3-p194/gems/dm-migrations-1.2.0/lib/dm-migrations/adapters/dm-do-adapter.rb:64:in `map'
	from /Users/almerboy/.rvm/gems/ruby-1.9.3-p194/gems/dm-migrations-1.2.0/lib/dm-migrations/adapters/dm-do-adapter.rb:64:in `block in upgrade_model_storage'
	from /Users/almerboy/.rvm/gems/ruby-1.9.3-p194/gems/dm-do-adapter-1.2.0/lib/dm-do-adapter/adapter.rb:276:in `with_connection'
	from /Users/almerboy/.rvm/gems/ruby-1.9.3-p194/gems/dm-migrations-1.2.0/lib/dm-migrations/adapters/dm-do-adapter.rb:63:in `upgrade_model_storage'
	from /Users/almerboy/.rvm/gems/ruby-1.9.3-p194/gems/dm-migrations-1.2.0/lib/dm-migrations/auto_migration.rb:73:in `upgrade_model_storage'
	from /Users/almerboy/.rvm/gems/ruby-1.9.3-p194/gems/dm-migrations-1.2.0/lib/dm-migrations/auto_migration.rb:145:in `auto_upgrade!'
	from /Users/almerboy/.rvm/gems/ruby-1.9.3-p194/gems/dm-migrations-1.2.0/lib/dm-migrations/auto_migration.rb:47:in `block in repository_execute'
	from /Users/almerboy/.rvm/gems/ruby-1.9.3-p194/gems/dm-core-1.2.0/lib/dm-core/support/descendant_set.rb:64:in `block in each'
	from /Users/almerboy/.rvm/gems/ruby-1.9.3-p194/gems/dm-core-1.2.0/lib/dm-core/support/subject_set.rb:210:in `block in each'
	from /Users/almerboy/.rvm/gems/ruby-1.9.3-p194/gems/dm-core-1.2.0/lib/dm-core/support/ordered_set.rb:319:in `block in each'
	from /Users/almerboy/.rvm/gems/ruby-1.9.3-p194/gems/dm-core-1.2.0/lib/dm-core/support/ordered_set.rb:319:in `each'
	from /Users/almerboy/.rvm/gems/ruby-1.9.3-p194/gems/dm-core-1.2.0/lib/dm-core/support/ordered_set.rb:319:in `each'
	from /Users/almerboy/.rvm/gems/ruby-1.9.3-p194/gems/dm-core-1.2.0/lib/dm-core/support/subject_set.rb:210:in `each'
	from /Users/almerboy/.rvm/gems/ruby-1.9.3-p194/gems/dm-core-1.2.0/lib/dm-core/support/descendant_set.rb:63:in `each'
	from /Users/almerboy/.rvm/gems/ruby-1.9.3-p194/gems/dm-migrations-1.2.0/lib/dm-migrations/auto_migration.rb:46:in `repository_execute'
	from /Users/almerboy/.rvm/gems/ruby-1.9.3-p194/gems/dm-migrations-1.2.0/lib/dm-migrations/auto_migration.rb:27:in `auto_upgrade!'
	from /Users/almerboy/PIA_Projects/survey-health-card/model.rb:41:in `<top (required)>'
	from /Users/almerboy/PIA_Projects/survey-health-card/app.rb:3:in `require'
	from /Users/almerboy/PIA_Projects/survey-health-card/app.rb:3:in `<top (required)>'
	from config.ru:1:in `require'
	from config.ru:1:in `block in <main>'
	from /Users/almerboy/.rvm/gems/ruby-1.9.3-p194/gems/rack-1.4.1/lib/rack/builder.rb:51:in `instance_eval'
	from /Users/almerboy/.rvm/gems/ruby-1.9.3-p194/gems/rack-1.4.1/lib/rack/builder.rb:51:in `initialize'
	from config.ru:1:in `new'
	from config.ru:1:in `<main>'
	from /Users/almerboy/.passenger/standalone/3.0.15-x86_64-ruby1.9.3-macosx-10.8/support/lib/phusion_passenger/rack/application_spawner.rb:225:in `eval'
	from /Users/almerboy/.passenger/standalone/3.0.15-x86_64-ruby1.9.3-macosx-10.8/support/lib/phusion_passenger/rack/application_spawner.rb:225:in `load_rack_app'
	from /Users/almerboy/.passenger/standalone/3.0.15-x86_64-ruby1.9.3-macosx-10.8/support/lib/phusion_passenger/rack/application_spawner.rb:157:in `block in initialize_server'
	from /Users/almerboy/.passenger/standalone/3.0.15-x86_64-ruby1.9.3-macosx-10.8/support/lib/phusion_passenger/utils.rb:563:in `report_app_init_status'
	from /Users/almerboy/.passenger/standalone/3.0.15-x86_64-ruby1.9.3-macosx-10.8/support/lib/phusion_passenger/rack/application_spawner.rb:154:in `initialize_server'
	from /Users/almerboy/.passenger/standalone/3.0.15-x86_64-ruby1.9.3-macosx-10.8/support/lib/phusion_passenger/abstract_server.rb:204:in `start_synchronously'
	from /Users/almerboy/.passenger/standalone/3.0.15-x86_64-ruby1.9.3-macosx-10.8/support/lib/phusion_passenger/abstract_server.rb:180:in `start'
	from /Users/almerboy/.passenger/standalone/3.0.15-x86_64-ruby1.9.3-macosx-10.8/support/lib/phusion_passenger/rack/application_spawner.rb:129:in `start'
	from /Users/almerboy/.passenger/standalone/3.0.15-x86_64-ruby1.9.3-macosx-10.8/support/lib/phusion_passenger/spawn_manager.rb:253:in `block (2 levels) in spawn_rack_application'
	from /Users/almerboy/.passenger/standalone/3.0.15-x86_64-ruby1.9.3-macosx-10.8/support/lib/phusion_passenger/abstract_server_collection.rb:132:in `lookup_or_add'
	from /Users/almerboy/.passenger/standalone/3.0.15-x86_64-ruby1.9.3-macosx-10.8/support/lib/phusion_passenger/spawn_manager.rb:246:in `block in spawn_rack_application'
	from /Users/almerboy/.passenger/standalone/3.0.15-x86_64-ruby1.9.3-macosx-10.8/support/lib/phusion_passenger/abstract_server_collection.rb:82:in `block in synchronize'
	from <internal:prelude>:10:in `synchronize'
	from /Users/almerboy/.passenger/standalone/3.0.15-x86_64-ruby1.9.3-macosx-10.8/support/lib/phusion_passenger/abstract_server_collection.rb:79:in `synchronize'
	from /Users/almerboy/.passenger/standalone/3.0.15-x86_64-ruby1.9.3-macosx-10.8/support/lib/phusion_passenger/spawn_manager.rb:244:in `spawn_rack_application'
	from /Users/almerboy/.passenger/standalone/3.0.15-x86_64-ruby1.9.3-macosx-10.8/support/lib/phusion_passenger/spawn_manager.rb:137:in `spawn_application'
	from /Users/almerboy/.passenger/standalone/3.0.15-x86_64-ruby1.9.3-macosx-10.8/support/lib/phusion_passenger/spawn_manager.rb:275:in `handle_spawn_application'
	from /Users/almerboy/.passenger/standalone/3.0.15-x86_64-ruby1.9.3-macosx-10.8/support/lib/phusion_passenger/abstract_server.rb:357:in `server_main_loop'
	from /Users/almerboy/.passenger/standalone/3.0.15-x86_64-ruby1.9.3-macosx-10.8/support/lib/phusion_passenger/abstract_server.rb:206:in `start_synchronously'
	from /Users/almerboy/.passenger/standalone/3.0.15-x86_64-ruby1.9.3-macosx-10.8/support/helper-scripts/passenger-spawn-server:99:in `<main>'
[ pid=15063 thr=70319914310360 file=utils.rb:176 time=2012-08-08 13:27:27.148 ]: *** Exception PhusionPassenger::UnknownError in PhusionPassenger::Rack::ApplicationSpawner (Can't find file: './hcdb/people.frm' (errno: 13) (DataObjects::SQLError)) (process 15063, thread #<Thread:0x007fe94306b5b0>):
	from /Users/almerboy/.rvm/gems/ruby-1.9.3-p194/gems/dm-do-adapter-1.2.0/lib/dm-do-adapter/adapter.rb:34:in `execute_reader'
	from /Users/almerboy/.rvm/gems/ruby-1.9.3-p194/gems/dm-do-adapter-1.2.0/lib/dm-do-adapter/adapter.rb:34:in `block in select'
	from /Users/almerboy/.rvm/gems/ruby-1.9.3-p194/gems/dm-do-adapter-1.2.0/lib/dm-do-adapter/adapter.rb:276:in `with_connection'
	from /Users/almerboy/.rvm/gems/ruby-1.9.3-p194/gems/dm-do-adapter-1.2.0/lib/dm-do-adapter/adapter.rb:33:in `select'
	from /Users/almerboy/.rvm/gems/ruby-1.9.3-p194/gems/dm-migrations-1.2.0/lib/dm-migrations/adapters/dm-mysql-adapter.rb:27:in `field_exists?'
	from /Users/almerboy/.rvm/gems/ruby-1.9.3-p194/gems/dm-migrations-1.2.0/lib/dm-migrations/adapters/dm-do-adapter.rb:66:in `block (2 levels) in upgrade_model_storage'
	from /Users/almerboy/.rvm/gems/ruby-1.9.3-p194/gems/dm-core-1.2.0/lib/dm-core/support/subject_set.rb:210:in `block in each'
	from /Users/almerboy/.rvm/gems/ruby-1.9.3-p194/gems/dm-core-1.2.0/lib/dm-core/support/ordered_set.rb:319:in `block in each'
	from /Users/almerboy/.rvm/gems/ruby-1.9.3-p194/gems/dm-core-1.2.0/lib/dm-core/support/ordered_set.rb:319:in `each'
	from /Users/almerboy/.rvm/gems/ruby-1.9.3-p194/gems/dm-core-1.2.0/lib/dm-core/support/ordered_set.rb:319:in `each'
	from /Users/almerboy/.rvm/gems/ruby-1.9.3-p194/gems/dm-core-1.2.0/lib/dm-core/support/subject_set.rb:210:in `each'
	from /Users/almerboy/.rvm/gems/ruby-1.9.3-p194/gems/dm-migrations-1.2.0/lib/dm-migrations/adapters/dm-do-adapter.rb:64:in `map'
	from /Users/almerboy/.rvm/gems/ruby-1.9.3-p194/gems/dm-migrations-1.2.0/lib/dm-migrations/adapters/dm-do-adapter.rb:64:in `block in upgrade_model_storage'
	from /Users/almerboy/.rvm/gems/ruby-1.9.3-p194/gems/dm-do-adapter-1.2.0/lib/dm-do-adapter/adapter.rb:276:in `with_connection'
	from /Users/almerboy/.rvm/gems/ruby-1.9.3-p194/gems/dm-migrations-1.2.0/lib/dm-migrations/adapters/dm-do-adapter.rb:63:in `upgrade_model_storage'
	from /Users/almerboy/.rvm/gems/ruby-1.9.3-p194/gems/dm-migrations-1.2.0/lib/dm-migrations/auto_migration.rb:73:in `upgrade_model_storage'
	from /Users/almerboy/.rvm/gems/ruby-1.9.3-p194/gems/dm-migrations-1.2.0/lib/dm-migrations/auto_migration.rb:145:in `auto_upgrade!'
	from /Users/almerboy/.rvm/gems/ruby-1.9.3-p194/gems/dm-migrations-1.2.0/lib/dm-migrations/auto_migration.rb:47:in `block in repository_execute'
	from /Users/almerboy/.rvm/gems/ruby-1.9.3-p194/gems/dm-core-1.2.0/lib/dm-core/support/descendant_set.rb:64:in `block in each'
	from /Users/almerboy/.rvm/gems/ruby-1.9.3-p194/gems/dm-core-1.2.0/lib/dm-core/support/subject_set.rb:210:in `block in each'
	from /Users/almerboy/.rvm/gems/ruby-1.9.3-p194/gems/dm-core-1.2.0/lib/dm-core/support/ordered_set.rb:319:in `block in each'
	from /Users/almerboy/.rvm/gems/ruby-1.9.3-p194/gems/dm-core-1.2.0/lib/dm-core/support/ordered_set.rb:319:in `each'
	from /Users/almerboy/.rvm/gems/ruby-1.9.3-p194/gems/dm-core-1.2.0/lib/dm-core/support/ordered_set.rb:319:in `each'
	from /Users/almerboy/.rvm/gems/ruby-1.9.3-p194/gems/dm-core-1.2.0/lib/dm-core/support/subject_set.rb:210:in `each'
	from /Users/almerboy/.rvm/gems/ruby-1.9.3-p194/gems/dm-core-1.2.0/lib/dm-core/support/descendant_set.rb:63:in `each'
	from /Users/almerboy/.rvm/gems/ruby-1.9.3-p194/gems/dm-migrations-1.2.0/lib/dm-migrations/auto_migration.rb:46:in `repository_execute'
	from /Users/almerboy/.rvm/gems/ruby-1.9.3-p194/gems/dm-migrations-1.2.0/lib/dm-migrations/auto_migration.rb:27:in `auto_upgrade!'
	from /Users/almerboy/PIA_Projects/survey-health-card/model.rb:41:in `<top (required)>'
	from /Users/almerboy/PIA_Projects/survey-health-card/app.rb:3:in `require'
	from /Users/almerboy/PIA_Projects/survey-health-card/app.rb:3:in `<top (required)>'
	from config.ru:1:in `require'
	from config.ru:1:in `block in <main>'
	from /Users/almerboy/.rvm/gems/ruby-1.9.3-p194/gems/rack-1.4.1/lib/rack/builder.rb:51:in `instance_eval'
	from /Users/almerboy/.rvm/gems/ruby-1.9.3-p194/gems/rack-1.4.1/lib/rack/builder.rb:51:in `initialize'
	from config.ru:1:in `new'
	from config.ru:1:in `<main>'
	from /Users/almerboy/.passenger/standalone/3.0.15-x86_64-ruby1.9.3-macosx-10.8/support/lib/phusion_passenger/rack/application_spawner.rb:225:in `eval'
	from /Users/almerboy/.passenger/standalone/3.0.15-x86_64-ruby1.9.3-macosx-10.8/support/lib/phusion_passenger/rack/application_spawner.rb:225:in `load_rack_app'
	from /Users/almerboy/.passenger/standalone/3.0.15-x86_64-ruby1.9.3-macosx-10.8/support/lib/phusion_passenger/rack/application_spawner.rb:157:in `block in initialize_server'
	from /Users/almerboy/.passenger/standalone/3.0.15-x86_64-ruby1.9.3-macosx-10.8/support/lib/phusion_passenger/utils.rb:563:in `report_app_init_status'
	from /Users/almerboy/.passenger/standalone/3.0.15-x86_64-ruby1.9.3-macosx-10.8/support/lib/phusion_passenger/rack/application_spawner.rb:154:in `initialize_server'
	from /Users/almerboy/.passenger/standalone/3.0.15-x86_64-ruby1.9.3-macosx-10.8/support/lib/phusion_passenger/abstract_server.rb:204:in `start_synchronously'
	from /Users/almerboy/.passenger/standalone/3.0.15-x86_64-ruby1.9.3-macosx-10.8/support/lib/phusion_passenger/abstract_server.rb:180:in `start'
	from /Users/almerboy/.passenger/standalone/3.0.15-x86_64-ruby1.9.3-macosx-10.8/support/lib/phusion_passenger/rack/application_spawner.rb:129:in `start'
	from /Users/almerboy/.passenger/standalone/3.0.15-x86_64-ruby1.9.3-macosx-10.8/support/lib/phusion_passenger/spawn_manager.rb:253:in `block (2 levels) in spawn_rack_application'
	from /Users/almerboy/.passenger/standalone/3.0.15-x86_64-ruby1.9.3-macosx-10.8/support/lib/phusion_passenger/abstract_server_collection.rb:132:in `lookup_or_add'
	from /Users/almerboy/.passenger/standalone/3.0.15-x86_64-ruby1.9.3-macosx-10.8/support/lib/phusion_passenger/spawn_manager.rb:246:in `block in spawn_rack_application'
	from /Users/almerboy/.passenger/standalone/3.0.15-x86_64-ruby1.9.3-macosx-10.8/support/lib/phusion_passenger/abstract_server_collection.rb:82:in `block in synchronize'
	from <internal:prelude>:10:in `synchronize'
	from /Users/almerboy/.passenger/standalone/3.0.15-x86_64-ruby1.9.3-macosx-10.8/support/lib/phusion_passenger/abstract_server_collection.rb:79:in `synchronize'
	from /Users/almerboy/.passenger/standalone/3.0.15-x86_64-ruby1.9.3-macosx-10.8/support/lib/phusion_passenger/spawn_manager.rb:244:in `spawn_rack_application'
	from /Users/almerboy/.passenger/standalone/3.0.15-x86_64-ruby1.9.3-macosx-10.8/support/lib/phusion_passenger/spawn_manager.rb:137:in `spawn_application'
	from /Users/almerboy/.passenger/standalone/3.0.15-x86_64-ruby1.9.3-macosx-10.8/support/lib/phusion_passenger/spawn_manager.rb:275:in `handle_spawn_application'
	from /Users/almerboy/.passenger/standalone/3.0.15-x86_64-ruby1.9.3-macosx-10.8/support/lib/phusion_passenger/abstract_server.rb:357:in `server_main_loop'
	from /Users/almerboy/.passenger/standalone/3.0.15-x86_64-ruby1.9.3-macosx-10.8/support/lib/phusion_passenger/abstract_server.rb:206:in `start_synchronously'
	from /Users/almerboy/.passenger/standalone/3.0.15-x86_64-ruby1.9.3-macosx-10.8/support/helper-scripts/passenger-spawn-server:99:in `<main>'
